<?xml version="1.0" encoding="UTF-8" ?>
<testsuite tests="15" failures="0" name="cn.slycmiaoxi.algotithms.OfferAlgotithmsTest" time="0.125" errors="0" skipped="0">
  <properties>
    <property name="idea.version" value="2017.1.6"/>
    <property name="java.runtime.name" value="Java(TM) SE Runtime Environment"/>
    <property name="sun.boot.library.path" value="E:\myeclipse\jdk1.8\jre\bin"/>
    <property name="java.vm.version" value="25.25-b02"/>
    <property name="java.vm.vendor" value="Oracle Corporation"/>
    <property name="maven.multiModuleProjectDirectory" value="E:\ideaWork\x-blog"/>
    <property name="java.vendor.url" value="http://java.oracle.com/"/>
    <property name="path.separator" value=";"/>
    <property name="guice.disable.misplaced.annotation.check" value="true"/>
    <property name="java.vm.name" value="Java HotSpot(TM) Client VM"/>
    <property name="file.encoding.pkg" value="sun.io"/>
    <property name="user.script" value=""/>
    <property name="user.country" value="CN"/>
    <property name="sun.java.launcher" value="SUN_STANDARD"/>
    <property name="sun.os.patch.level" value="Service Pack 1"/>
    <property name="java.vm.specification.name" value="Java Virtual Machine Specification"/>
    <property name="user.dir" value="E:\ideaWork\x-blog"/>
    <property name="java.runtime.version" value="1.8.0_25-b18"/>
    <property name="java.awt.graphicsenv" value="sun.awt.Win32GraphicsEnvironment"/>
    <property name="java.endorsed.dirs" value="E:\myeclipse\jdk1.8\jre\lib\endorsed"/>
    <property name="os.arch" value="x86"/>
    <property name="java.io.tmpdir" value="C:\Users\ADMINI~1\AppData\Local\Temp\"/>
    <property name="line.separator" value="
"/>
    <property name="java.vm.specification.vendor" value="Oracle Corporation"/>
    <property name="user.variant" value=""/>
    <property name="os.name" value="Windows 7"/>
    <property name="classworlds.conf" value="F:\jdk\apache-maven-3.6.1\bin\m2.conf"/>
    <property name="sun.jnu.encoding" value="GBK"/>
    <property name="java.library.path" value="E:\myeclipse\jdk1.8\bin;C:\Windows\Sun\Java\bin;C:\Windows\system32;C:\Windows;C:\Program Files\NetSarang\Xftp 6\;C:\Program Files\NetSarang\Xshell 6\;C:\ProgramData\Oracle\Java\javapath;C:\Windows\system32;C:\Windows;C:\Windows\System32\Wbem;C:\Windows\System32\WindowsPowerShell\v1.0\;C:\Program Files\Microsoft SQL Server\90\Tools\binn\;C:\Program Files\Microsoft SQL Server\110\Tools\Binn\;E:\myeclipse\jdk1.8\bin;F:\jdk\apache-maven-3.0.5\bin;E:\myeclipse\jdk1.8\jre\bin;E:\sql\node.js\;C:\Program Files\TortoiseGit\bin;E:\sql\git\Git\cmd;C:\Program Files\TortoiseSVN\bin;F:\bin;E:\myeclipse\android\android-sdk-windows;C:\Users\Administrator\AppData\Roaming\npm;F:\tmp;C:\Program Files\SSH Communications Security\SSH Secure Shell;."/>
    <property name="maven.conf" value="F:\jdk\apache-maven-3.6.1/conf"/>
    <property name="java.specification.name" value="Java Platform API Specification"/>
    <property name="java.class.version" value="52.0"/>
    <property name="sun.management.compiler" value="HotSpot Client Compiler"/>
    <property name="maven.repo.local" value="F:\jdk\repository"/>
    <property name="os.version" value="6.1"/>
    <property name="user.home" value="C:\Users\Administrator"/>
    <property name="user.timezone" value="Asia/Shanghai"/>
    <property name="java.awt.printerjob" value="sun.awt.windows.WPrinterJob"/>
    <property name="java.specification.version" value="1.8"/>
    <property name="file.encoding" value="UTF-8"/>
    <property name="user.name" value="Administrator"/>
    <property name="java.class.path" value="F:\jdk\apache-maven-3.6.1\boot\plexus-classworlds-2.6.0.jar;F:\hadoop\id\IntelliJ IDEA 2017.1.6\lib\idea_rt.jar"/>
    <property name="java.vm.specification.version" value="1.8"/>
    <property name="sun.arch.data.model" value="32"/>
    <property name="java.home" value="E:\myeclipse\jdk1.8\jre"/>
    <property name="sun.java.command" value="org.codehaus.classworlds.Launcher -Didea.version=2017.1.6 -s F:\jdk\apache-maven-3.6.1\conf\settings.xml -Dmaven.repo.local=F:\jdk\repository package"/>
    <property name="java.specification.vendor" value="Oracle Corporation"/>
    <property name="user.language" value="zh"/>
    <property name="awt.toolkit" value="sun.awt.windows.WToolkit"/>
    <property name="java.vm.info" value="mixed mode"/>
    <property name="java.version" value="1.8.0_25"/>
    <property name="java.ext.dirs" value="E:\myeclipse\jdk1.8\jre\lib\ext;C:\Windows\Sun\Java\lib\ext"/>
    <property name="sun.boot.class.path" value="E:\myeclipse\jdk1.8\jre\lib\resources.jar;E:\myeclipse\jdk1.8\jre\lib\rt.jar;E:\myeclipse\jdk1.8\jre\lib\sunrsasign.jar;E:\myeclipse\jdk1.8\jre\lib\jsse.jar;E:\myeclipse\jdk1.8\jre\lib\jce.jar;E:\myeclipse\jdk1.8\jre\lib\charsets.jar;E:\myeclipse\jdk1.8\jre\lib\jfr.jar;E:\myeclipse\jdk1.8\jre\classes"/>
    <property name="java.vendor" value="Oracle Corporation"/>
    <property name="maven.home" value="F:\jdk\apache-maven-3.6.1"/>
    <property name="file.separator" value="\"/>
    <property name="java.vendor.url.bug" value="http://bugreport.sun.com/bugreport/"/>
    <property name="sun.cpu.endian" value="little"/>
    <property name="sun.io.unicode.encoding" value="UnicodeLittle"/>
    <property name="sun.desktop" value="windows"/>
    <property name="sun.cpu.isalist" value=""/>
  </properties>
  <testcase classname="cn.slycmiaoxi.algotithms.OfferAlgotithmsTest" name="testNumberOf1" time="0"/>
  <testcase classname="cn.slycmiaoxi.algotithms.OfferAlgotithmsTest" name="testCountnQuit" time="0"/>
  <testcase classname="cn.slycmiaoxi.algotithms.OfferAlgotithmsTest" name="testMoreThanHalfNum_Solution" time="0"/>
  <testcase classname="cn.slycmiaoxi.algotithms.OfferAlgotithmsTest" name="testFindKthToTail" time="0"/>
  <testcase classname="cn.slycmiaoxi.algotithms.OfferAlgotithmsTest" name="testMatch" time="0"/>
  <testcase classname="cn.slycmiaoxi.algotithms.OfferAlgotithmsTest" name="testMerge" time="0"/>
  <testcase classname="cn.slycmiaoxi.algotithms.OfferAlgotithmsTest" name="testPower" time="0"/>
  <testcase classname="cn.slycmiaoxi.algotithms.OfferAlgotithmsTest" name="testPrintFromTopToBottom" time="0"/>
  <testcase classname="cn.slycmiaoxi.algotithms.OfferAlgotithmsTest" name="testPrintMinNumber" time="0.109"/>
  <testcase classname="cn.slycmiaoxi.algotithms.OfferAlgotithmsTest" name="testReOrderArray" time="0"/>
  <testcase classname="cn.slycmiaoxi.algotithms.OfferAlgotithmsTest" name="testFirstNotRepeatingChar" time="0"/>
  <testcase classname="cn.slycmiaoxi.algotithms.OfferAlgotithmsTest" name="testGetLeastNumbers_Solution" time="0.016"/>
  <testcase classname="cn.slycmiaoxi.algotithms.OfferAlgotithmsTest" name="testPrintListFromTailToHead" time="0"/>
  <testcase classname="cn.slycmiaoxi.algotithms.OfferAlgotithmsTest" name="testReplaceSpace" time="0"/>
  <testcase classname="cn.slycmiaoxi.algotithms.OfferAlgotithmsTest" name="testMirror" time="0"/>
</testsuite>